{
  "0 debug pnpm:scope": {
    "selected": 1
  },
  "1 error pnpm": {
    "errno": 1,
    "code": "ELIFECYCLE",
    "pkgid": "next-portfolio@",
    "stage": "build",
    "script": "next build",
    "pkgname": "next-portfolio",
    "err": {
      "name": "pnpm",
      "message": "next-portfolio@ build: `next build`\nExit status 1",
      "code": "ELIFECYCLE",
      "stack": "pnpm: next-portfolio@ build: `next build`\nExit status 1\n    at EventEmitter.<anonymous> (C:\\Users\\GUSS\\AppData\\Roaming\\npm\\node_modules\\pnpm\\dist\\pnpm.cjs:108600:20)\n    at EventEmitter.emit (node:events:527:28)\n    at ChildProcess.<anonymous> (C:\\Users\\GUSS\\AppData\\Roaming\\npm\\node_modules\\pnpm\\dist\\pnpm.cjs:95166:18)\n    at ChildProcess.emit (node:events:527:28)\n    at maybeClose (node:internal/child_process:1092:16)\n    at Process.ChildProcess._handle.onexit (node:internal/child_process:302:5)"
    }
  },
  "2 warn pnpm:global": " Local package.json exists, but node_modules missing, did you mean to install?"
}